[29-May-2020 15:43:47 UTC] PHP Warning:  mysqli_real_connect(): php_network_getaddresses: getaddrinfo failed: nodename nor servname provided, or not known in /Users/jdesrosiers/Sites/git-wordpress-develop/src/wp-includes/wp-db.php on line 1633
[29-May-2020 15:43:47 UTC] PHP Warning:  mysqli_real_connect(): (HY000/2002): php_network_getaddresses: getaddrinfo failed: nodename nor servname provided, or not known in /Users/jdesrosiers/Sites/git-wordpress-develop/src/wp-includes/wp-db.php on line 1633
[29-May-2020 15:44:16 UTC] PHP Warning:  mysqli_real_connect(): php_network_getaddresses: getaddrinfo failed: nodename nor servname provided, or not known in /Users/jdesrosiers/Sites/git-wordpress-develop/src/wp-includes/wp-db.php on line 1633
[29-May-2020 15:44:16 UTC] PHP Warning:  mysqli_real_connect(): (HY000/2002): php_network_getaddresses: getaddrinfo failed: nodename nor servname provided, or not known in /Users/jdesrosiers/Sites/git-wordpress-develop/src/wp-includes/wp-db.php on line 1633
[04-Jun-2020 18:10:37 UTC] PHP Warning:  mysqli_real_connect(): php_network_getaddresses: getaddrinfo failed: nodename nor servname provided, or not known in /Users/jdesrosiers/Sites/git-wordpress-develop/src/wp-includes/wp-db.php on line 1633
[04-Jun-2020 18:10:37 UTC] PHP Warning:  mysqli_real_connect(): (HY000/2002): php_network_getaddresses: getaddrinfo failed: nodename nor servname provided, or not known in /Users/jdesrosiers/Sites/git-wordpress-develop/src/wp-includes/wp-db.php on line 1633
[08-Jun-2020 15:41:30 UTC] PHP Warning:  readfile(/var/www/src/wp-includes/js/wp-emoji-loader.js): failed to open stream: No such file or directory in /var/www/src/wp-includes/formatting.php on line 5698
[08-Jun-2020 15:41:34 UTC] PHP Warning:  readfile(/var/www/src/wp-includes/js/wp-emoji-loader.js): failed to open stream: No such file or directory in /var/www/src/wp-includes/formatting.php on line 5698
[08-Jun-2020 15:41:34 UTC] PHP Warning:  readfile(/var/www/src/wp-includes/js/wp-emoji-loader.js): failed to open stream: No such file or directory in /var/www/src/wp-includes/formatting.php on line 5698
[08-Jun-2020 15:41:38 UTC] PHP Warning:  readfile(/var/www/src/wp-includes/js/wp-emoji-loader.js): failed to open stream: No such file or directory in /var/www/src/wp-includes/formatting.php on line 5698
[08-Jun-2020 15:41:39 UTC] PHP Warning:  readfile(/var/www/src/wp-includes/js/wp-emoji-loader.js): failed to open stream: No such file or directory in /var/www/src/wp-includes/formatting.php on line 5698
[08-Jun-2020 15:41:39 UTC] PHP Warning:  readfile(/var/www/src/wp-includes/js/wp-emoji-loader.js): failed to open stream: No such file or directory in /var/www/src/wp-includes/formatting.php on line 5698
[08-Jun-2020 15:41:39 UTC] PHP Warning:  readfile(/var/www/src/wp-includes/js/wp-emoji-loader.js): failed to open stream: No such file or directory in /var/www/src/wp-includes/formatting.php on line 5698
[08-Jun-2020 15:41:39 UTC] PHP Warning:  readfile(/var/www/src/wp-includes/js/wp-emoji-loader.js): failed to open stream: No such file or directory in /var/www/src/wp-includes/formatting.php on line 5698
[08-Jun-2020 15:41:39 UTC] PHP Warning:  readfile(/var/www/src/wp-includes/js/wp-emoji-loader.js): failed to open stream: No such file or directory in /var/www/src/wp-includes/formatting.php on line 5698
[08-Jun-2020 15:41:39 UTC] PHP Warning:  readfile(/var/www/src/wp-includes/js/wp-emoji-loader.js): failed to open stream: No such file or directory in /var/www/src/wp-includes/formatting.php on line 5698
[08-Jun-2020 15:41:39 UTC] PHP Warning:  readfile(/var/www/src/wp-includes/js/wp-emoji-loader.js): failed to open stream: No such file or directory in /var/www/src/wp-includes/formatting.php on line 5698
[08-Jun-2020 15:41:39 UTC] PHP Warning:  readfile(/var/www/src/wp-includes/js/wp-emoji-loader.js): failed to open stream: No such file or directory in /var/www/src/wp-includes/formatting.php on line 5698
[08-Jun-2020 15:41:39 UTC] PHP Warning:  readfile(/var/www/src/wp-includes/js/wp-emoji-loader.js): failed to open stream: No such file or directory in /var/www/src/wp-includes/formatting.php on line 5698
[08-Jun-2020 15:41:39 UTC] PHP Warning:  readfile(/var/www/src/wp-includes/js/wp-emoji-loader.js): failed to open stream: No such file or directory in /var/www/src/wp-includes/formatting.php on line 5698
[08-Jun-2020 15:41:39 UTC] PHP Warning:  readfile(/var/www/src/wp-includes/js/wp-emoji-loader.js): failed to open stream: No such file or directory in /var/www/src/wp-includes/formatting.php on line 5698
[08-Jun-2020 15:41:39 UTC] PHP Warning:  readfile(/var/www/src/wp-includes/js/wp-emoji-loader.js): failed to open stream: No such file or directory in /var/www/src/wp-includes/formatting.php on line 5698
[08-Jun-2020 15:41:39 UTC] PHP Warning:  readfile(/var/www/src/wp-includes/js/wp-emoji-loader.js): failed to open stream: No such file or directory in /var/www/src/wp-includes/formatting.php on line 5698
[08-Jun-2020 15:41:51 UTC] PHP Warning:  readfile(/var/www/src/wp-includes/js/wp-emoji-loader.js): failed to open stream: No such file or directory in /var/www/src/wp-includes/formatting.php on line 5698
[08-Jun-2020 15:41:52 UTC] PHP Warning:  readfile(/var/www/src/wp-includes/js/wp-emoji-loader.js): failed to open stream: No such file or directory in /var/www/src/wp-includes/formatting.php on line 5698
[08-Jun-2020 15:41:52 UTC] PHP Warning:  readfile(/var/www/src/wp-includes/js/wp-emoji-loader.js): failed to open stream: No such file or directory in /var/www/src/wp-includes/formatting.php on line 5698
[08-Jun-2020 15:41:52 UTC] PHP Warning:  readfile(/var/www/src/wp-includes/js/wp-emoji-loader.js): failed to open stream: No such file or directory in /var/www/src/wp-includes/formatting.php on line 5698
[08-Jun-2020 15:41:52 UTC] PHP Warning:  readfile(/var/www/src/wp-includes/js/wp-emoji-loader.js): failed to open stream: No such file or directory in /var/www/src/wp-includes/formatting.php on line 5698
[08-Jun-2020 15:41:52 UTC] PHP Warning:  readfile(/var/www/src/wp-includes/js/wp-emoji-loader.js): failed to open stream: No such file or directory in /var/www/src/wp-includes/formatting.php on line 5698
[08-Jun-2020 15:41:52 UTC] PHP Warning:  readfile(/var/www/src/wp-includes/js/wp-emoji-loader.js): failed to open stream: No such file or directory in /var/www/src/wp-includes/formatting.php on line 5698
[08-Jun-2020 15:41:52 UTC] PHP Warning:  readfile(/var/www/src/wp-includes/js/wp-emoji-loader.js): failed to open stream: No such file or directory in /var/www/src/wp-includes/formatting.php on line 5698
[08-Jun-2020 15:41:52 UTC] PHP Warning:  readfile(/var/www/src/wp-includes/js/wp-emoji-loader.js): failed to open stream: No such file or directory in /var/www/src/wp-includes/formatting.php on line 5698
[08-Jun-2020 15:41:53 UTC] PHP Warning:  readfile(/var/www/src/wp-includes/js/wp-emoji-loader.js): failed to open stream: No such file or directory in /var/www/src/wp-includes/formatting.php on line 5698
[08-Jun-2020 15:41:53 UTC] PHP Warning:  readfile(/var/www/src/wp-includes/js/wp-emoji-loader.js): failed to open stream: No such file or directory in /var/www/src/wp-includes/formatting.php on line 5698
[08-Jun-2020 15:41:53 UTC] PHP Warning:  readfile(/var/www/src/wp-includes/js/wp-emoji-loader.js): failed to open stream: No such file or directory in /var/www/src/wp-includes/formatting.php on line 5698
[08-Jun-2020 15:41:53 UTC] PHP Warning:  readfile(/var/www/src/wp-includes/js/wp-emoji-loader.js): failed to open stream: No such file or directory in /var/www/src/wp-includes/formatting.php on line 5698
[08-Jun-2020 15:41:53 UTC] PHP Warning:  readfile(/var/www/src/wp-includes/js/wp-emoji-loader.js): failed to open stream: No such file or directory in /var/www/src/wp-includes/formatting.php on line 5698
[08-Jun-2020 15:41:53 UTC] PHP Warning:  readfile(/var/www/src/wp-includes/js/wp-emoji-loader.js): failed to open stream: No such file or directory in /var/www/src/wp-includes/formatting.php on line 5698
[08-Jun-2020 15:41:53 UTC] PHP Warning:  readfile(/var/www/src/wp-includes/js/wp-emoji-loader.js): failed to open stream: No such file or directory in /var/www/src/wp-includes/formatting.php on line 5698
[08-Jun-2020 15:41:53 UTC] PHP Warning:  readfile(/var/www/src/wp-includes/js/wp-emoji-loader.js): failed to open stream: No such file or directory in /var/www/src/wp-includes/formatting.php on line 5698
[08-Jun-2020 15:41:53 UTC] PHP Warning:  readfile(/var/www/src/wp-includes/js/wp-emoji-loader.js): failed to open stream: No such file or directory in /var/www/src/wp-includes/formatting.php on line 5698
[08-Jun-2020 15:41:53 UTC] PHP Warning:  readfile(/var/www/src/wp-includes/js/wp-emoji-loader.js): failed to open stream: No such file or directory in /var/www/src/wp-includes/formatting.php on line 5698
[08-Jun-2020 15:41:53 UTC] PHP Warning:  readfile(/var/www/src/wp-includes/js/wp-emoji-loader.js): failed to open stream: No such file or directory in /var/www/src/wp-includes/formatting.php on line 5698
[08-Jun-2020 15:41:53 UTC] PHP Warning:  readfile(/var/www/src/wp-includes/js/wp-emoji-loader.js): failed to open stream: No such file or directory in /var/www/src/wp-includes/formatting.php on line 5698
[08-Jun-2020 15:41:53 UTC] PHP Warning:  readfile(/var/www/src/wp-includes/js/wp-emoji-loader.js): failed to open stream: No such file or directory in /var/www/src/wp-includes/formatting.php on line 5698
[08-Jun-2020 15:41:53 UTC] PHP Warning:  readfile(/var/www/src/wp-includes/js/wp-emoji-loader.js): failed to open stream: No such file or directory in /var/www/src/wp-includes/formatting.php on line 5698
[08-Jun-2020 15:41:53 UTC] PHP Warning:  readfile(/var/www/src/wp-includes/js/wp-emoji-loader.js): failed to open stream: No such file or directory in /var/www/src/wp-includes/formatting.php on line 5698
[08-Jun-2020 15:41:53 UTC] PHP Warning:  readfile(/var/www/src/wp-includes/js/wp-emoji-loader.js): failed to open stream: No such file or directory in /var/www/src/wp-includes/formatting.php on line 5698
[08-Jun-2020 15:41:53 UTC] PHP Warning:  readfile(/var/www/src/wp-includes/js/wp-emoji-loader.js): failed to open stream: No such file or directory in /var/www/src/wp-includes/formatting.php on line 5698
[08-Jun-2020 15:41:53 UTC] PHP Warning:  readfile(/var/www/src/wp-includes/js/wp-emoji-loader.js): failed to open stream: No such file or directory in /var/www/src/wp-includes/formatting.php on line 5698
[08-Jun-2020 15:41:53 UTC] PHP Warning:  readfile(/var/www/src/wp-includes/js/wp-emoji-loader.js): failed to open stream: No such file or directory in /var/www/src/wp-includes/formatting.php on line 5698
[08-Jun-2020 15:42:05 UTC] PHP Warning:  readfile(/var/www/src/wp-includes/js/wp-emoji-loader.js): failed to open stream: No such file or directory in /var/www/src/wp-includes/formatting.php on line 5698
[08-Jun-2020 15:42:06 UTC] PHP Warning:  readfile(/var/www/src/wp-includes/js/wp-emoji-loader.js): failed to open stream: No such file or directory in /var/www/src/wp-includes/formatting.php on line 5698
[08-Jun-2020 15:42:06 UTC] PHP Warning:  readfile(/var/www/src/wp-includes/js/wp-emoji-loader.js): failed to open stream: No such file or directory in /var/www/src/wp-includes/formatting.php on line 5698
[08-Jun-2020 15:42:06 UTC] PHP Warning:  readfile(/var/www/src/wp-includes/js/wp-emoji-loader.js): failed to open stream: No such file or directory in /var/www/src/wp-includes/formatting.php on line 5698
[08-Jun-2020 15:42:06 UTC] PHP Warning:  readfile(/var/www/src/wp-includes/js/wp-emoji-loader.js): failed to open stream: No such file or directory in /var/www/src/wp-includes/formatting.php on line 5698
[08-Jun-2020 15:42:06 UTC] PHP Warning:  readfile(/var/www/src/wp-includes/js/wp-emoji-loader.js): failed to open stream: No such file or directory in /var/www/src/wp-includes/formatting.php on line 5698
[08-Jun-2020 15:42:06 UTC] PHP Warning:  readfile(/var/www/src/wp-includes/js/wp-emoji-loader.js): failed to open stream: No such file or directory in /var/www/src/wp-includes/formatting.php on line 5698
[08-Jun-2020 15:42:06 UTC] PHP Warning:  readfile(/var/www/src/wp-includes/js/wp-emoji-loader.js): failed to open stream: No such file or directory in /var/www/src/wp-includes/formatting.php on line 5698
[08-Jun-2020 15:42:06 UTC] PHP Warning:  readfile(/var/www/src/wp-includes/js/wp-emoji-loader.js): failed to open stream: No such file or directory in /var/www/src/wp-includes/formatting.php on line 5698
[08-Jun-2020 15:42:06 UTC] PHP Warning:  readfile(/var/www/src/wp-includes/js/wp-emoji-loader.js): failed to open stream: No such file or directory in /var/www/src/wp-includes/formatting.php on line 5698
[08-Jun-2020 15:42:06 UTC] PHP Warning:  readfile(/var/www/src/wp-includes/js/wp-emoji-loader.js): failed to open stream: No such file or directory in /var/www/src/wp-includes/formatting.php on line 5698
[08-Jun-2020 15:42:06 UTC] PHP Warning:  readfile(/var/www/src/wp-includes/js/wp-emoji-loader.js): failed to open stream: No such file or directory in /var/www/src/wp-includes/formatting.php on line 5698
[08-Jun-2020 15:42:06 UTC] PHP Warning:  readfile(/var/www/src/wp-includes/js/wp-emoji-loader.js): failed to open stream: No such file or directory in /var/www/src/wp-includes/formatting.php on line 5698
[08-Jun-2020 15:42:06 UTC] PHP Warning:  readfile(/var/www/src/wp-includes/js/wp-emoji-loader.js): failed to open stream: No such file or directory in /var/www/src/wp-includes/formatting.php on line 5698
[08-Jun-2020 15:42:06 UTC] PHP Warning:  readfile(/var/www/src/wp-includes/js/wp-emoji-loader.js): failed to open stream: No such file or directory in /var/www/src/wp-includes/formatting.php on line 5698
[08-Jun-2020 15:42:06 UTC] PHP Warning:  readfile(/var/www/src/wp-includes/js/wp-emoji-loader.js): failed to open stream: No such file or directory in /var/www/src/wp-includes/formatting.php on line 5698
[08-Jun-2020 15:42:06 UTC] PHP Warning:  readfile(/var/www/src/wp-includes/js/wp-emoji-loader.js): failed to open stream: No such file or directory in /var/www/src/wp-includes/formatting.php on line 5698
[08-Jun-2020 15:42:06 UTC] PHP Warning:  readfile(/var/www/src/wp-includes/js/wp-emoji-loader.js): failed to open stream: No such file or directory in /var/www/src/wp-includes/formatting.php on line 5698
[08-Jun-2020 15:42:06 UTC] PHP Warning:  readfile(/var/www/src/wp-includes/js/wp-emoji-loader.js): failed to open stream: No such file or directory in /var/www/src/wp-includes/formatting.php on line 5698
[08-Jun-2020 15:42:06 UTC] PHP Warning:  readfile(/var/www/src/wp-includes/js/wp-emoji-loader.js): failed to open stream: No such file or directory in /var/www/src/wp-includes/formatting.php on line 5698
[08-Jun-2020 15:42:06 UTC] PHP Warning:  readfile(/var/www/src/wp-includes/js/wp-emoji-loader.js): failed to open stream: No such file or directory in /var/www/src/wp-includes/formatting.php on line 5698
[08-Jun-2020 15:42:06 UTC] PHP Warning:  readfile(/var/www/src/wp-includes/js/wp-emoji-loader.js): failed to open stream: No such file or directory in /var/www/src/wp-includes/formatting.php on line 5698
[08-Jun-2020 15:42:06 UTC] PHP Warning:  readfile(/var/www/src/wp-includes/js/wp-emoji-loader.js): failed to open stream: No such file or directory in /var/www/src/wp-includes/formatting.php on line 5698
[08-Jun-2020 15:42:06 UTC] PHP Warning:  readfile(/var/www/src/wp-includes/js/wp-emoji-loader.js): failed to open stream: No such file or directory in /var/www/src/wp-includes/formatting.php on line 5698
[08-Jun-2020 15:42:06 UTC] PHP Warning:  readfile(/var/www/src/wp-includes/js/wp-emoji-loader.js): failed to open stream: No such file or directory in /var/www/src/wp-includes/formatting.php on line 5698
[08-Jun-2020 15:42:06 UTC] PHP Warning:  readfile(/var/www/src/wp-includes/js/wp-emoji-loader.js): failed to open stream: No such file or directory in /var/www/src/wp-includes/formatting.php on line 5698
[08-Jun-2020 15:42:06 UTC] PHP Warning:  readfile(/var/www/src/wp-includes/js/wp-emoji-loader.js): failed to open stream: No such file or directory in /var/www/src/wp-includes/formatting.php on line 5698
[08-Jun-2020 15:42:06 UTC] PHP Warning:  readfile(/var/www/src/wp-includes/js/wp-emoji-loader.js): failed to open stream: No such file or directory in /var/www/src/wp-includes/formatting.php on line 5698
[08-Jun-2020 15:42:07 UTC] PHP Warning:  readfile(/var/www/src/wp-includes/js/wp-emoji-loader.js): failed to open stream: No such file or directory in /var/www/src/wp-includes/formatting.php on line 5698
[08-Jun-2020 15:42:58 UTC] PHP Warning:  readfile(/var/www/src/wp-includes/js/wp-emoji-loader.js): failed to open stream: No such file or directory in /var/www/src/wp-includes/formatting.php on line 5698
[08-Jun-2020 15:42:59 UTC] PHP Warning:  readfile(/var/www/src/wp-includes/js/wp-emoji-loader.js): failed to open stream: No such file or directory in /var/www/src/wp-includes/formatting.php on line 5698
[08-Jun-2020 15:42:59 UTC] PHP Warning:  readfile(/var/www/src/wp-includes/js/wp-emoji-loader.js): failed to open stream: No such file or directory in /var/www/src/wp-includes/formatting.php on line 5698
[08-Jun-2020 15:42:59 UTC] PHP Warning:  readfile(/var/www/src/wp-includes/js/wp-emoji-loader.js): failed to open stream: No such file or directory in /var/www/src/wp-includes/formatting.php on line 5698
[08-Jun-2020 15:42:59 UTC] PHP Warning:  readfile(/var/www/src/wp-includes/js/wp-emoji-loader.js): failed to open stream: No such file or directory in /var/www/src/wp-includes/formatting.php on line 5698
[08-Jun-2020 15:42:59 UTC] PHP Warning:  readfile(/var/www/src/wp-includes/js/wp-emoji-loader.js): failed to open stream: No such file or directory in /var/www/src/wp-includes/formatting.php on line 5698
[08-Jun-2020 15:42:59 UTC] PHP Warning:  readfile(/var/www/src/wp-includes/js/wp-emoji-loader.js): failed to open stream: No such file or directory in /var/www/src/wp-includes/formatting.php on line 5698
[08-Jun-2020 15:42:59 UTC] PHP Warning:  readfile(/var/www/src/wp-includes/js/wp-emoji-loader.js): failed to open stream: No such file or directory in /var/www/src/wp-includes/formatting.php on line 5698
[08-Jun-2020 15:42:59 UTC] PHP Warning:  readfile(/var/www/src/wp-includes/js/wp-emoji-loader.js): failed to open stream: No such file or directory in /var/www/src/wp-includes/formatting.php on line 5698
[08-Jun-2020 15:42:59 UTC] PHP Warning:  readfile(/var/www/src/wp-includes/js/wp-emoji-loader.js): failed to open stream: No such file or directory in /var/www/src/wp-includes/formatting.php on line 5698
[08-Jun-2020 15:42:59 UTC] PHP Warning:  readfile(/var/www/src/wp-includes/js/wp-emoji-loader.js): failed to open stream: No such file or directory in /var/www/src/wp-includes/formatting.php on line 5698
[08-Jun-2020 15:42:59 UTC] PHP Warning:  readfile(/var/www/src/wp-includes/js/wp-emoji-loader.js): failed to open stream: No such file or directory in /var/www/src/wp-includes/formatting.php on line 5698
[08-Jun-2020 15:42:59 UTC] PHP Warning:  readfile(/var/www/src/wp-includes/js/wp-emoji-loader.js): failed to open stream: No such file or directory in /var/www/src/wp-includes/formatting.php on line 5698
[08-Jun-2020 15:42:59 UTC] PHP Warning:  readfile(/var/www/src/wp-includes/js/wp-emoji-loader.js): failed to open stream: No such file or directory in /var/www/src/wp-includes/formatting.php on line 5698
[08-Jun-2020 15:42:59 UTC] PHP Warning:  readfile(/var/www/src/wp-includes/js/wp-emoji-loader.js): failed to open stream: No such file or directory in /var/www/src/wp-includes/formatting.php on line 5698
[08-Jun-2020 15:42:59 UTC] PHP Warning:  readfile(/var/www/src/wp-includes/js/wp-emoji-loader.js): failed to open stream: No such file or directory in /var/www/src/wp-includes/formatting.php on line 5698
[08-Jun-2020 15:43:00 UTC] PHP Warning:  readfile(/var/www/src/wp-includes/js/wp-emoji-loader.js): failed to open stream: No such file or directory in /var/www/src/wp-includes/formatting.php on line 5698
[08-Jun-2020 15:43:00 UTC] PHP Warning:  readfile(/var/www/src/wp-includes/js/wp-emoji-loader.js): failed to open stream: No such file or directory in /var/www/src/wp-includes/formatting.php on line 5698
[08-Jun-2020 15:43:00 UTC] PHP Warning:  readfile(/var/www/src/wp-includes/js/wp-emoji-loader.js): failed to open stream: No such file or directory in /var/www/src/wp-includes/formatting.php on line 5698
[08-Jun-2020 15:43:00 UTC] PHP Warning:  readfile(/var/www/src/wp-includes/js/wp-emoji-loader.js): failed to open stream: No such file or directory in /var/www/src/wp-includes/formatting.php on line 5698
[08-Jun-2020 15:43:00 UTC] PHP Warning:  readfile(/var/www/src/wp-includes/js/wp-emoji-loader.js): failed to open stream: No such file or directory in /var/www/src/wp-includes/formatting.php on line 5698
[08-Jun-2020 15:43:00 UTC] PHP Warning:  readfile(/var/www/src/wp-includes/js/wp-emoji-loader.js): failed to open stream: No such file or directory in /var/www/src/wp-includes/formatting.php on line 5698
[08-Jun-2020 15:43:00 UTC] PHP Warning:  readfile(/var/www/src/wp-includes/js/wp-emoji-loader.js): failed to open stream: No such file or directory in /var/www/src/wp-includes/formatting.php on line 5698
[08-Jun-2020 15:43:00 UTC] PHP Warning:  readfile(/var/www/src/wp-includes/js/wp-emoji-loader.js): failed to open stream: No such file or directory in /var/www/src/wp-includes/formatting.php on line 5698
[08-Jun-2020 15:43:00 UTC] PHP Warning:  readfile(/var/www/src/wp-includes/js/wp-emoji-loader.js): failed to open stream: No such file or directory in /var/www/src/wp-includes/formatting.php on line 5698
[08-Jun-2020 15:43:00 UTC] PHP Warning:  readfile(/var/www/src/wp-includes/js/wp-emoji-loader.js): failed to open stream: No such file or directory in /var/www/src/wp-includes/formatting.php on line 5698
[08-Jun-2020 15:43:00 UTC] PHP Warning:  readfile(/var/www/src/wp-includes/js/wp-emoji-loader.js): failed to open stream: No such file or directory in /var/www/src/wp-includes/formatting.php on line 5698
[08-Jun-2020 15:43:00 UTC] PHP Warning:  readfile(/var/www/src/wp-includes/js/wp-emoji-loader.js): failed to open stream: No such file or directory in /var/www/src/wp-includes/formatting.php on line 5698
[08-Jun-2020 15:43:01 UTC] PHP Warning:  readfile(/var/www/src/wp-includes/js/wp-emoji-loader.js): failed to open stream: No such file or directory in /var/www/src/wp-includes/formatting.php on line 5698
[08-Jun-2020 15:43:01 UTC] PHP Warning:  readfile(/var/www/src/wp-includes/js/wp-emoji-loader.js): failed to open stream: No such file or directory in /var/www/src/wp-includes/formatting.php on line 5698
[08-Jun-2020 15:43:01 UTC] PHP Warning:  readfile(/var/www/src/wp-includes/js/wp-emoji-loader.js): failed to open stream: No such file or directory in /var/www/src/wp-includes/formatting.php on line 5698
[08-Jun-2020 15:43:01 UTC] PHP Warning:  readfile(/var/www/src/wp-includes/js/wp-emoji-loader.js): failed to open stream: No such file or directory in /var/www/src/wp-includes/formatting.php on line 5698
[08-Jun-2020 15:43:01 UTC] PHP Warning:  readfile(/var/www/src/wp-includes/js/wp-emoji-loader.js): failed to open stream: No such file or directory in /var/www/src/wp-includes/formatting.php on line 5698
[08-Jun-2020 15:43:01 UTC] PHP Warning:  readfile(/var/www/src/wp-includes/js/wp-emoji-loader.js): failed to open stream: No such file or directory in /var/www/src/wp-includes/formatting.php on line 5698
[08-Jun-2020 15:43:01 UTC] PHP Warning:  readfile(/var/www/src/wp-includes/js/wp-emoji-loader.js): failed to open stream: No such file or directory in /var/www/src/wp-includes/formatting.php on line 5698
[08-Jun-2020 15:43:01 UTC] PHP Warning:  readfile(/var/www/src/wp-includes/js/wp-emoji-loader.js): failed to open stream: No such file or directory in /var/www/src/wp-includes/formatting.php on line 5698
[08-Jun-2020 15:43:02 UTC] PHP Warning:  readfile(/var/www/src/wp-includes/js/wp-emoji-loader.js): failed to open stream: No such file or directory in /var/www/src/wp-includes/formatting.php on line 5698
[08-Jun-2020 15:43:02 UTC] PHP Warning:  readfile(/var/www/src/wp-includes/js/wp-emoji-loader.js): failed to open stream: No such file or directory in /var/www/src/wp-includes/formatting.php on line 5698
[08-Jun-2020 15:43:02 UTC] PHP Warning:  readfile(/var/www/src/wp-includes/js/wp-emoji-loader.js): failed to open stream: No such file or directory in /var/www/src/wp-includes/formatting.php on line 5698
[08-Jun-2020 15:43:02 UTC] PHP Warning:  readfile(/var/www/src/wp-includes/js/wp-emoji-loader.js): failed to open stream: No such file or directory in /var/www/src/wp-includes/formatting.php on line 5698
[08-Jun-2020 15:43:02 UTC] PHP Warning:  readfile(/var/www/src/wp-includes/js/wp-emoji-loader.js): failed to open stream: No such file or directory in /var/www/src/wp-includes/formatting.php on line 5698
[08-Jun-2020 15:43:02 UTC] PHP Warning:  readfile(/var/www/src/wp-includes/js/wp-emoji-loader.js): failed to open stream: No such file or directory in /var/www/src/wp-includes/formatting.php on line 5698
[08-Jun-2020 15:43:02 UTC] PHP Warning:  readfile(/var/www/src/wp-includes/js/wp-emoji-loader.js): failed to open stream: No such file or directory in /var/www/src/wp-includes/formatting.php on line 5698
[08-Jun-2020 15:43:02 UTC] PHP Warning:  readfile(/var/www/src/wp-includes/js/wp-emoji-loader.js): failed to open stream: No such file or directory in /var/www/src/wp-includes/formatting.php on line 5698
[08-Jun-2020 15:43:02 UTC] PHP Warning:  readfile(/var/www/src/wp-includes/js/wp-emoji-loader.js): failed to open stream: No such file or directory in /var/www/src/wp-includes/formatting.php on line 5698
[08-Jun-2020 15:43:02 UTC] PHP Warning:  readfile(/var/www/src/wp-includes/js/wp-emoji-loader.js): failed to open stream: No such file or directory in /var/www/src/wp-includes/formatting.php on line 5698
[08-Jun-2020 15:43:02 UTC] PHP Warning:  readfile(/var/www/src/wp-includes/js/wp-emoji-loader.js): failed to open stream: No such file or directory in /var/www/src/wp-includes/formatting.php on line 5698
[08-Jun-2020 15:43:02 UTC] PHP Warning:  readfile(/var/www/src/wp-includes/js/wp-emoji-loader.js): failed to open stream: No such file or directory in /var/www/src/wp-includes/formatting.php on line 5698
[08-Jun-2020 15:43:04 UTC] PHP Warning:  readfile(/var/www/src/wp-includes/js/wp-emoji-loader.js): failed to open stream: No such file or directory in /var/www/src/wp-includes/formatting.php on line 5698
[08-Jun-2020 15:43:05 UTC] PHP Warning:  readfile(/var/www/src/wp-includes/js/wp-emoji-loader.js): failed to open stream: No such file or directory in /var/www/src/wp-includes/formatting.php on line 5698
[08-Jun-2020 15:43:05 UTC] PHP Warning:  readfile(/var/www/src/wp-includes/js/wp-emoji-loader.js): failed to open stream: No such file or directory in /var/www/src/wp-includes/formatting.php on line 5698
[08-Jun-2020 15:43:05 UTC] PHP Warning:  readfile(/var/www/src/wp-includes/js/wp-emoji-loader.js): failed to open stream: No such file or directory in /var/www/src/wp-includes/formatting.php on line 5698
[08-Jun-2020 15:43:05 UTC] PHP Warning:  readfile(/var/www/src/wp-includes/js/wp-emoji-loader.js): failed to open stream: No such file or directory in /var/www/src/wp-includes/formatting.php on line 5698
[08-Jun-2020 15:43:05 UTC] PHP Warning:  readfile(/var/www/src/wp-includes/js/wp-emoji-loader.js): failed to open stream: No such file or directory in /var/www/src/wp-includes/formatting.php on line 5698
[08-Jun-2020 15:43:05 UTC] PHP Warning:  readfile(/var/www/src/wp-includes/js/wp-emoji-loader.js): failed to open stream: No such file or directory in /var/www/src/wp-includes/formatting.php on line 5698
[08-Jun-2020 15:43:05 UTC] PHP Warning:  readfile(/var/www/src/wp-includes/js/wp-emoji-loader.js): failed to open stream: No such file or directory in /var/www/src/wp-includes/formatting.php on line 5698
[08-Jun-2020 15:43:05 UTC] PHP Warning:  readfile(/var/www/src/wp-includes/js/wp-emoji-loader.js): failed to open stream: No such file or directory in /var/www/src/wp-includes/formatting.php on line 5698
[08-Jun-2020 15:43:05 UTC] PHP Warning:  readfile(/var/www/src/wp-includes/js/wp-emoji-loader.js): failed to open stream: No such file or directory in /var/www/src/wp-includes/formatting.php on line 5698
[08-Jun-2020 15:43:06 UTC] PHP Warning:  readfile(/var/www/src/wp-includes/js/wp-emoji-loader.js): failed to open stream: No such file or directory in /var/www/src/wp-includes/formatting.php on line 5698
[08-Jun-2020 15:43:06 UTC] PHP Warning:  readfile(/var/www/src/wp-includes/js/wp-emoji-loader.js): failed to open stream: No such file or directory in /var/www/src/wp-includes/formatting.php on line 5698
[08-Jun-2020 15:43:06 UTC] PHP Warning:  readfile(/var/www/src/wp-includes/js/wp-emoji-loader.js): failed to open stream: No such file or directory in /var/www/src/wp-includes/formatting.php on line 5698
[08-Jun-2020 15:43:06 UTC] PHP Warning:  readfile(/var/www/src/wp-includes/js/wp-emoji-loader.js): failed to open stream: No such file or directory in /var/www/src/wp-includes/formatting.php on line 5698
[08-Jun-2020 15:43:06 UTC] PHP Warning:  readfile(/var/www/src/wp-includes/js/wp-emoji-loader.js): failed to open stream: No such file or directory in /var/www/src/wp-includes/formatting.php on line 5698
[08-Jun-2020 15:43:07 UTC] PHP Warning:  readfile(/var/www/src/wp-includes/js/wp-emoji-loader.js): failed to open stream: No such file or directory in /var/www/src/wp-includes/formatting.php on line 5698
[08-Jun-2020 15:43:07 UTC] PHP Warning:  readfile(/var/www/src/wp-includes/js/wp-emoji-loader.js): failed to open stream: No such file or directory in /var/www/src/wp-includes/formatting.php on line 5698
[08-Jun-2020 15:43:17 UTC] PHP Warning:  readfile(/var/www/src/wp-includes/js/wp-emoji-loader.js): failed to open stream: No such file or directory in /var/www/src/wp-includes/formatting.php on line 5698
[08-Jun-2020 15:43:18 UTC] PHP Warning:  readfile(/var/www/src/wp-includes/js/wp-emoji-loader.js): failed to open stream: No such file or directory in /var/www/src/wp-includes/formatting.php on line 5698
[08-Jun-2020 15:43:18 UTC] PHP Warning:  readfile(/var/www/src/wp-includes/js/wp-emoji-loader.js): failed to open stream: No such file or directory in /var/www/src/wp-includes/formatting.php on line 5698
[08-Jun-2020 15:43:18 UTC] PHP Warning:  readfile(/var/www/src/wp-includes/js/wp-emoji-loader.js): failed to open stream: No such file or directory in /var/www/src/wp-includes/formatting.php on line 5698
[08-Jun-2020 15:43:18 UTC] PHP Warning:  readfile(/var/www/src/wp-includes/js/wp-emoji-loader.js): failed to open stream: No such file or directory in /var/www/src/wp-includes/formatting.php on line 5698
[08-Jun-2020 15:43:18 UTC] PHP Warning:  readfile(/var/www/src/wp-includes/js/wp-emoji-loader.js): failed to open stream: No such file or directory in /var/www/src/wp-includes/formatting.php on line 5698
[08-Jun-2020 15:43:18 UTC] PHP Warning:  readfile(/var/www/src/wp-includes/js/wp-emoji-loader.js): failed to open stream: No such file or directory in /var/www/src/wp-includes/formatting.php on line 5698
[08-Jun-2020 15:43:19 UTC] PHP Warning:  readfile(/var/www/src/wp-includes/js/wp-emoji-loader.js): failed to open stream: No such file or directory in /var/www/src/wp-includes/formatting.php on line 5698
[08-Jun-2020 15:43:19 UTC] PHP Warning:  readfile(/var/www/src/wp-includes/js/wp-emoji-loader.js): failed to open stream: No such file or directory in /var/www/src/wp-includes/formatting.php on line 5698
[08-Jun-2020 15:43:19 UTC] PHP Warning:  readfile(/var/www/src/wp-includes/js/wp-emoji-loader.js): failed to open stream: No such file or directory in /var/www/src/wp-includes/formatting.php on line 5698
[08-Jun-2020 15:43:19 UTC] PHP Warning:  readfile(/var/www/src/wp-includes/js/wp-emoji-loader.js): failed to open stream: No such file or directory in /var/www/src/wp-includes/formatting.php on line 5698
[08-Jun-2020 15:43:19 UTC] PHP Warning:  readfile(/var/www/src/wp-includes/js/wp-emoji-loader.js): failed to open stream: No such file or directory in /var/www/src/wp-includes/formatting.php on line 5698
[08-Jun-2020 15:43:19 UTC] PHP Warning:  readfile(/var/www/src/wp-includes/js/wp-emoji-loader.js): failed to open stream: No such file or directory in /var/www/src/wp-includes/formatting.php on line 5698
[08-Jun-2020 15:43:19 UTC] PHP Warning:  readfile(/var/www/src/wp-includes/js/wp-emoji-loader.js): failed to open stream: No such file or directory in /var/www/src/wp-includes/formatting.php on line 5698
[08-Jun-2020 15:43:19 UTC] PHP Warning:  readfile(/var/www/src/wp-includes/js/wp-emoji-loader.js): failed to open stream: No such file or directory in /var/www/src/wp-includes/formatting.php on line 5698
[08-Jun-2020 15:43:20 UTC] PHP Warning:  readfile(/var/www/src/wp-includes/js/wp-emoji-loader.js): failed to open stream: No such file or directory in /var/www/src/wp-includes/formatting.php on line 5698
[08-Jun-2020 15:43:20 UTC] PHP Warning:  readfile(/var/www/src/wp-includes/js/wp-emoji-loader.js): failed to open stream: No such file or directory in /var/www/src/wp-includes/formatting.php on line 5698
[08-Jun-2020 16:01:35 UTC] PHP Warning:  readfile(/var/www/src/wp-includes/js/wp-emoji-loader.js): failed to open stream: No such file or directory in /var/www/src/wp-includes/formatting.php on line 5698
[08-Jun-2020 16:01:35 UTC] PHP Warning:  readfile(/var/www/src/wp-includes/js/wp-emoji-loader.js): failed to open stream: No such file or directory in /var/www/src/wp-includes/formatting.php on line 5698
[08-Jun-2020 16:01:35 UTC] PHP Warning:  readfile(/var/www/src/wp-includes/js/wp-emoji-loader.js): failed to open stream: No such file or directory in /var/www/src/wp-includes/formatting.php on line 5698
[08-Jun-2020 16:01:35 UTC] PHP Warning:  readfile(/var/www/src/wp-includes/js/wp-emoji-loader.js): failed to open stream: No such file or directory in /var/www/src/wp-includes/formatting.php on line 5698
[08-Jun-2020 16:01:35 UTC] PHP Warning:  readfile(/var/www/src/wp-includes/js/wp-emoji-loader.js): failed to open stream: No such file or directory in /var/www/src/wp-includes/formatting.php on line 5698
[08-Jun-2020 16:01:35 UTC] PHP Warning:  readfile(/var/www/src/wp-includes/js/wp-emoji-loader.js): failed to open stream: No such file or directory in /var/www/src/wp-includes/formatting.php on line 5698
[08-Jun-2020 16:01:35 UTC] PHP Warning:  readfile(/var/www/src/wp-includes/js/wp-emoji-loader.js): failed to open stream: No such file or directory in /var/www/src/wp-includes/formatting.php on line 5698
[08-Jun-2020 16:01:35 UTC] PHP Warning:  readfile(/var/www/src/wp-includes/js/wp-emoji-loader.js): failed to open stream: No such file or directory in /var/www/src/wp-includes/formatting.php on line 5698
[08-Jun-2020 16:01:35 UTC] PHP Warning:  readfile(/var/www/src/wp-includes/js/wp-emoji-loader.js): failed to open stream: No such file or directory in /var/www/src/wp-includes/formatting.php on line 5698
[08-Jun-2020 16:01:36 UTC] PHP Warning:  readfile(/var/www/src/wp-includes/js/wp-emoji-loader.js): failed to open stream: No such file or directory in /var/www/src/wp-includes/formatting.php on line 5698
[08-Jun-2020 16:01:50 UTC] PHP Warning:  readfile(/var/www/src/wp-includes/js/wp-emoji-loader.js): failed to open stream: No such file or directory in /var/www/src/wp-includes/formatting.php on line 5698
[08-Jun-2020 16:01:50 UTC] PHP Warning:  readfile(/var/www/src/wp-includes/js/wp-emoji-loader.js): failed to open stream: No such file or directory in /var/www/src/wp-includes/formatting.php on line 5698
[08-Jun-2020 16:01:50 UTC] PHP Warning:  readfile(/var/www/src/wp-includes/js/wp-emoji-loader.js): failed to open stream: No such file or directory in /var/www/src/wp-includes/formatting.php on line 5698
[08-Jun-2020 16:01:50 UTC] PHP Warning:  readfile(/var/www/src/wp-includes/js/wp-emoji-loader.js): failed to open stream: No such file or directory in /var/www/src/wp-includes/formatting.php on line 5698
[08-Jun-2020 16:01:50 UTC] PHP Warning:  readfile(/var/www/src/wp-includes/js/wp-emoji-loader.js): failed to open stream: No such file or directory in /var/www/src/wp-includes/formatting.php on line 5698
[08-Jun-2020 16:01:50 UTC] PHP Warning:  readfile(/var/www/src/wp-includes/js/wp-emoji-loader.js): failed to open stream: No such file or directory in /var/www/src/wp-includes/formatting.php on line 5698
[08-Jun-2020 16:01:51 UTC] PHP Warning:  readfile(/var/www/src/wp-includes/js/wp-emoji-loader.js): failed to open stream: No such file or directory in /var/www/src/wp-includes/formatting.php on line 5698
[08-Jun-2020 16:01:51 UTC] PHP Warning:  readfile(/var/www/src/wp-includes/js/wp-emoji-loader.js): failed to open stream: No such file or directory in /var/www/src/wp-includes/formatting.php on line 5698
[08-Jun-2020 16:01:51 UTC] PHP Warning:  readfile(/var/www/src/wp-includes/js/wp-emoji-loader.js): failed to open stream: No such file or directory in /var/www/src/wp-includes/formatting.php on line 5698
[08-Jun-2020 16:01:51 UTC] PHP Warning:  readfile(/var/www/src/wp-includes/js/wp-emoji-loader.js): failed to open stream: No such file or directory in /var/www/src/wp-includes/formatting.php on line 5698
[08-Jun-2020 16:01:51 UTC] PHP Warning:  readfile(/var/www/src/wp-includes/js/wp-emoji-loader.js): failed to open stream: No such file or directory in /var/www/src/wp-includes/formatting.php on line 5698
[08-Jun-2020 16:01:51 UTC] PHP Warning:  readfile(/var/www/src/wp-includes/js/wp-emoji-loader.js): failed to open stream: No such file or directory in /var/www/src/wp-includes/formatting.php on line 5698
[08-Jun-2020 16:01:51 UTC] PHP Warning:  readfile(/var/www/src/wp-includes/js/wp-emoji-loader.js): failed to open stream: No such file or directory in /var/www/src/wp-includes/formatting.php on line 5698
[08-Jun-2020 16:01:51 UTC] PHP Warning:  readfile(/var/www/src/wp-includes/js/wp-emoji-loader.js): failed to open stream: No such file or directory in /var/www/src/wp-includes/formatting.php on line 5698
[08-Jun-2020 16:01:51 UTC] PHP Warning:  readfile(/var/www/src/wp-includes/js/wp-emoji-loader.js): failed to open stream: No such file or directory in /var/www/src/wp-includes/formatting.php on line 5698
[08-Jun-2020 16:01:51 UTC] PHP Warning:  readfile(/var/www/src/wp-includes/js/wp-emoji-loader.js): failed to open stream: No such file or directory in /var/www/src/wp-includes/formatting.php on line 5698
[08-Jun-2020 16:27:07 UTC] PHP Warning:  readfile(/var/www/src/wp-includes/js/wp-emoji-loader.js): failed to open stream: No such file or directory in /var/www/src/wp-includes/formatting.php on line 5698
[08-Jun-2020 16:27:08 UTC] PHP Warning:  readfile(/var/www/src/wp-includes/js/wp-emoji-loader.js): failed to open stream: No such file or directory in /var/www/src/wp-includes/formatting.php on line 5698
[08-Jun-2020 16:27:08 UTC] PHP Warning:  readfile(/var/www/src/wp-includes/js/wp-emoji-loader.js): failed to open stream: No such file or directory in /var/www/src/wp-includes/formatting.php on line 5698
[08-Jun-2020 16:27:08 UTC] PHP Warning:  readfile(/var/www/src/wp-includes/js/wp-emoji-loader.js): failed to open stream: No such file or directory in /var/www/src/wp-includes/formatting.php on line 5698
[08-Jun-2020 16:27:08 UTC] PHP Warning:  readfile(/var/www/src/wp-includes/js/wp-emoji-loader.js): failed to open stream: No such file or directory in /var/www/src/wp-includes/formatting.php on line 5698
[08-Jun-2020 16:27:08 UTC] PHP Warning:  readfile(/var/www/src/wp-includes/js/wp-emoji-loader.js): failed to open stream: No such file or directory in /var/www/src/wp-includes/formatting.php on line 5698
[08-Jun-2020 16:27:08 UTC] PHP Warning:  readfile(/var/www/src/wp-includes/js/wp-emoji-loader.js): failed to open stream: No such file or directory in /var/www/src/wp-includes/formatting.php on line 5698
[08-Jun-2020 16:27:08 UTC] PHP Warning:  readfile(/var/www/src/wp-includes/js/wp-emoji-loader.js): failed to open stream: No such file or directory in /var/www/src/wp-includes/formatting.php on line 5698
[08-Jun-2020 16:27:08 UTC] PHP Warning:  readfile(/var/www/src/wp-includes/js/wp-emoji-loader.js): failed to open stream: No such file or directory in /var/www/src/wp-includes/formatting.php on line 5698
[08-Jun-2020 16:27:08 UTC] PHP Warning:  readfile(/var/www/src/wp-includes/js/wp-emoji-loader.js): failed to open stream: No such file or directory in /var/www/src/wp-includes/formatting.php on line 5698
[08-Jun-2020 16:27:08 UTC] PHP Warning:  readfile(/var/www/src/wp-includes/js/wp-emoji-loader.js): failed to open stream: No such file or directory in /var/www/src/wp-includes/formatting.php on line 5698
[08-Jun-2020 16:27:08 UTC] PHP Warning:  readfile(/var/www/src/wp-includes/js/wp-emoji-loader.js): failed to open stream: No such file or directory in /var/www/src/wp-includes/formatting.php on line 5698
[08-Jun-2020 16:27:09 UTC] PHP Warning:  readfile(/var/www/src/wp-includes/js/wp-emoji-loader.js): failed to open stream: No such file or directory in /var/www/src/wp-includes/formatting.php on line 5698
[08-Jun-2020 16:27:09 UTC] PHP Warning:  readfile(/var/www/src/wp-includes/js/wp-emoji-loader.js): failed to open stream: No such file or directory in /var/www/src/wp-includes/formatting.php on line 5698
[08-Jun-2020 16:27:09 UTC] PHP Warning:  readfile(/var/www/src/wp-includes/js/wp-emoji-loader.js): failed to open stream: No such file or directory in /var/www/src/wp-includes/formatting.php on line 5698
[08-Jun-2020 16:27:09 UTC] PHP Warning:  readfile(/var/www/src/wp-includes/js/wp-emoji-loader.js): failed to open stream: No such file or directory in /var/www/src/wp-includes/formatting.php on line 5698
[08-Jun-2020 16:27:09 UTC] PHP Warning:  readfile(/var/www/src/wp-includes/js/wp-emoji-loader.js): failed to open stream: No such file or directory in /var/www/src/wp-includes/formatting.php on line 5698
[08-Jun-2020 16:27:09 UTC] PHP Warning:  readfile(/var/www/src/wp-includes/js/wp-emoji-loader.js): failed to open stream: No such file or directory in /var/www/src/wp-includes/formatting.php on line 5698
[08-Jun-2020 16:27:09 UTC] PHP Warning:  readfile(/var/www/src/wp-includes/js/wp-emoji-loader.js): failed to open stream: No such file or directory in /var/www/src/wp-includes/formatting.php on line 5698
[08-Jun-2020 16:27:09 UTC] PHP Warning:  readfile(/var/www/src/wp-includes/js/wp-emoji-loader.js): failed to open stream: No such file or directory in /var/www/src/wp-includes/formatting.php on line 5698
[08-Jun-2020 16:27:09 UTC] PHP Warning:  readfile(/var/www/src/wp-includes/js/wp-emoji-loader.js): failed to open stream: No such file or directory in /var/www/src/wp-includes/formatting.php on line 5698
[08-Jun-2020 16:27:09 UTC] PHP Warning:  readfile(/var/www/src/wp-includes/js/wp-emoji-loader.js): failed to open stream: No such file or directory in /var/www/src/wp-includes/formatting.php on line 5698
[08-Jun-2020 16:27:09 UTC] PHP Warning:  readfile(/var/www/src/wp-includes/js/wp-emoji-loader.js): failed to open stream: No such file or directory in /var/www/src/wp-includes/formatting.php on line 5698
[08-Jun-2020 16:27:10 UTC] PHP Warning:  readfile(/var/www/src/wp-includes/js/wp-emoji-loader.js): failed to open stream: No such file or directory in /var/www/src/wp-includes/formatting.php on line 5698
[08-Jun-2020 16:27:10 UTC] PHP Warning:  readfile(/var/www/src/wp-includes/js/wp-emoji-loader.js): failed to open stream: No such file or directory in /var/www/src/wp-includes/formatting.php on line 5698
[08-Jun-2020 16:27:10 UTC] PHP Warning:  readfile(/var/www/src/wp-includes/js/wp-emoji-loader.js): failed to open stream: No such file or directory in /var/www/src/wp-includes/formatting.php on line 5698
[08-Jun-2020 16:27:10 UTC] PHP Warning:  readfile(/var/www/src/wp-includes/js/wp-emoji-loader.js): failed to open stream: No such file or directory in /var/www/src/wp-includes/formatting.php on line 5698
[08-Jun-2020 16:27:10 UTC] PHP Warning:  readfile(/var/www/src/wp-includes/js/wp-emoji-loader.js): failed to open stream: No such file or directory in /var/www/src/wp-includes/formatting.php on line 5698
[08-Jun-2020 16:27:23 UTC] PHP Warning:  readfile(/var/www/src/wp-includes/js/wp-emoji-loader.js): failed to open stream: No such file or directory in /var/www/src/wp-includes/formatting.php on line 5698
[08-Jun-2020 16:53:49 UTC] PHP Warning:  readfile(/var/www/src/wp-includes/js/wp-emoji-loader.js): failed to open stream: No such file or directory in /var/www/src/wp-includes/formatting.php on line 5698
[08-Jun-2020 16:53:49 UTC] PHP Warning:  readfile(/var/www/src/wp-includes/js/wp-emoji-loader.js): failed to open stream: No such file or directory in /var/www/src/wp-includes/formatting.php on line 5698
[08-Jun-2020 16:53:52 UTC] PHP Warning:  readfile(/var/www/src/wp-includes/js/wp-emoji-loader.js): failed to open stream: No such file or directory in /var/www/src/wp-includes/formatting.php on line 5698
[08-Jun-2020 16:53:52 UTC] PHP Warning:  readfile(/var/www/src/wp-includes/js/wp-emoji-loader.js): failed to open stream: No such file or directory in /var/www/src/wp-includes/formatting.php on line 5698
[08-Jun-2020 16:53:53 UTC] PHP Warning:  readfile(/var/www/src/wp-includes/js/wp-emoji-loader.js): failed to open stream: No such file or directory in /var/www/src/wp-includes/formatting.php on line 5698
[08-Jun-2020 16:53:53 UTC] PHP Warning:  readfile(/var/www/src/wp-includes/js/wp-emoji-loader.js): failed to open stream: No such file or directory in /var/www/src/wp-includes/formatting.php on line 5698
[08-Jun-2020 16:53:56 UTC] PHP Warning:  readfile(/var/www/src/wp-includes/js/wp-emoji-loader.js): failed to open stream: No such file or directory in /var/www/src/wp-includes/formatting.php on line 5698
[08-Jun-2020 16:53:57 UTC] PHP Warning:  readfile(/var/www/src/wp-includes/js/wp-emoji-loader.js): failed to open stream: No such file or directory in /var/www/src/wp-includes/formatting.php on line 5698
[08-Jun-2020 16:53:57 UTC] PHP Warning:  readfile(/var/www/src/wp-includes/js/wp-emoji-loader.js): failed to open stream: No such file or directory in /var/www/src/wp-includes/formatting.php on line 5698
[08-Jun-2020 16:53:57 UTC] PHP Warning:  readfile(/var/www/src/wp-includes/js/wp-emoji-loader.js): failed to open stream: No such file or directory in /var/www/src/wp-includes/formatting.php on line 5698
[08-Jun-2020 16:53:57 UTC] PHP Warning:  readfile(/var/www/src/wp-includes/js/wp-emoji-loader.js): failed to open stream: No such file or directory in /var/www/src/wp-includes/formatting.php on line 5698
[08-Jun-2020 16:53:57 UTC] PHP Warning:  readfile(/var/www/src/wp-includes/js/wp-emoji-loader.js): failed to open stream: No such file or directory in /var/www/src/wp-includes/formatting.php on line 5698
[08-Jun-2020 16:53:57 UTC] PHP Warning:  readfile(/var/www/src/wp-includes/js/wp-emoji-loader.js): failed to open stream: No such file or directory in /var/www/src/wp-includes/formatting.php on line 5698
[08-Jun-2020 16:53:57 UTC] PHP Warning:  readfile(/var/www/src/wp-includes/js/wp-emoji-loader.js): failed to open stream: No such file or directory in /var/www/src/wp-includes/formatting.php on line 5698
[08-Jun-2020 16:53:57 UTC] PHP Warning:  readfile(/var/www/src/wp-includes/js/wp-emoji-loader.js): failed to open stream: No such file or directory in /var/www/src/wp-includes/formatting.php on line 5698
[08-Jun-2020 16:53:57 UTC] PHP Warning:  readfile(/var/www/src/wp-includes/js/wp-emoji-loader.js): failed to open stream: No such file or directory in /var/www/src/wp-includes/formatting.php on line 5698
[08-Jun-2020 16:53:57 UTC] PHP Warning:  readfile(/var/www/src/wp-includes/js/wp-emoji-loader.js): failed to open stream: No such file or directory in /var/www/src/wp-includes/formatting.php on line 5698
[08-Jun-2020 16:53:57 UTC] PHP Warning:  readfile(/var/www/src/wp-includes/js/wp-emoji-loader.js): failed to open stream: No such file or directory in /var/www/src/wp-includes/formatting.php on line 5698
[08-Jun-2020 16:53:57 UTC] PHP Warning:  readfile(/var/www/src/wp-includes/js/wp-emoji-loader.js): failed to open stream: No such file or directory in /var/www/src/wp-includes/formatting.php on line 5698
[08-Jun-2020 16:53:57 UTC] PHP Warning:  readfile(/var/www/src/wp-includes/js/wp-emoji-loader.js): failed to open stream: No such file or directory in /var/www/src/wp-includes/formatting.php on line 5698
[08-Jun-2020 16:53:57 UTC] PHP Warning:  readfile(/var/www/src/wp-includes/js/wp-emoji-loader.js): failed to open stream: No such file or directory in /var/www/src/wp-includes/formatting.php on line 5698
[08-Jun-2020 16:53:57 UTC] PHP Warning:  readfile(/var/www/src/wp-includes/js/wp-emoji-loader.js): failed to open stream: No such file or directory in /var/www/src/wp-includes/formatting.php on line 5698
[08-Jun-2020 16:53:57 UTC] PHP Warning:  readfile(/var/www/src/wp-includes/js/wp-emoji-loader.js): failed to open stream: No such file or directory in /var/www/src/wp-includes/formatting.php on line 5698
[08-Jun-2020 16:53:57 UTC] PHP Warning:  readfile(/var/www/src/wp-includes/js/wp-emoji-loader.js): failed to open stream: No such file or directory in /var/www/src/wp-includes/formatting.php on line 5698
[08-Jun-2020 16:53:57 UTC] PHP Warning:  readfile(/var/www/src/wp-includes/js/wp-emoji-loader.js): failed to open stream: No such file or directory in /var/www/src/wp-includes/formatting.php on line 5698
[08-Jun-2020 16:53:58 UTC] PHP Warning:  readfile(/var/www/src/wp-includes/js/wp-emoji-loader.js): failed to open stream: No such file or directory in /var/www/src/wp-includes/formatting.php on line 5698
[08-Jun-2020 16:53:58 UTC] PHP Warning:  readfile(/var/www/src/wp-includes/js/wp-emoji-loader.js): failed to open stream: No such file or directory in /var/www/src/wp-includes/formatting.php on line 5698
[08-Jun-2020 16:53:58 UTC] PHP Warning:  readfile(/var/www/src/wp-includes/js/wp-emoji-loader.js): failed to open stream: No such file or directory in /var/www/src/wp-includes/formatting.php on line 5698
[08-Jun-2020 16:53:58 UTC] PHP Warning:  readfile(/var/www/src/wp-includes/js/wp-emoji-loader.js): failed to open stream: No such file or directory in /var/www/src/wp-includes/formatting.php on line 5698
[08-Jun-2020 16:53:58 UTC] PHP Warning:  readfile(/var/www/src/wp-includes/js/wp-emoji-loader.js): failed to open stream: No such file or directory in /var/www/src/wp-includes/formatting.php on line 5698
[08-Jun-2020 16:53:58 UTC] PHP Warning:  readfile(/var/www/src/wp-includes/js/wp-emoji-loader.js): failed to open stream: No such file or directory in /var/www/src/wp-includes/formatting.php on line 5698
[08-Jun-2020 16:53:58 UTC] PHP Warning:  readfile(/var/www/src/wp-includes/js/wp-emoji-loader.js): failed to open stream: No such file or directory in /var/www/src/wp-includes/formatting.php on line 5698
[08-Jun-2020 16:53:58 UTC] PHP Warning:  readfile(/var/www/src/wp-includes/js/wp-emoji-loader.js): failed to open stream: No such file or directory in /var/www/src/wp-includes/formatting.php on line 5698
[08-Jun-2020 16:53:58 UTC] PHP Warning:  readfile(/var/www/src/wp-includes/js/wp-emoji-loader.js): failed to open stream: No such file or directory in /var/www/src/wp-includes/formatting.php on line 5698
[08-Jun-2020 16:54:08 UTC] PHP Warning:  readfile(/var/www/src/wp-includes/js/wp-emoji-loader.js): failed to open stream: No such file or directory in /var/www/src/wp-includes/formatting.php on line 5698
[08-Jun-2020 16:54:09 UTC] PHP Warning:  readfile(/var/www/src/wp-includes/js/wp-emoji-loader.js): failed to open stream: No such file or directory in /var/www/src/wp-includes/formatting.php on line 5698
[08-Jun-2020 16:54:09 UTC] PHP Warning:  readfile(/var/www/src/wp-includes/js/wp-emoji-loader.js): failed to open stream: No such file or directory in /var/www/src/wp-includes/formatting.php on line 5698
[08-Jun-2020 16:54:09 UTC] PHP Warning:  readfile(/var/www/src/wp-includes/js/wp-emoji-loader.js): failed to open stream: No such file or directory in /var/www/src/wp-includes/formatting.php on line 5698
[08-Jun-2020 16:54:09 UTC] PHP Warning:  readfile(/var/www/src/wp-includes/js/wp-emoji-loader.js): failed to open stream: No such file or directory in /var/www/src/wp-includes/formatting.php on line 5698
[08-Jun-2020 16:54:09 UTC] PHP Warning:  readfile(/var/www/src/wp-includes/js/wp-emoji-loader.js): failed to open stream: No such file or directory in /var/www/src/wp-includes/formatting.php on line 5698
[08-Jun-2020 16:54:09 UTC] PHP Warning:  readfile(/var/www/src/wp-includes/js/wp-emoji-loader.js): failed to open stream: No such file or directory in /var/www/src/wp-includes/formatting.php on line 5698
[08-Jun-2020 16:54:09 UTC] PHP Warning:  readfile(/var/www/src/wp-includes/js/wp-emoji-loader.js): failed to open stream: No such file or directory in /var/www/src/wp-includes/formatting.php on line 5698
[08-Jun-2020 16:54:09 UTC] PHP Warning:  readfile(/var/www/src/wp-includes/js/wp-emoji-loader.js): failed to open stream: No such file or directory in /var/www/src/wp-includes/formatting.php on line 5698
[08-Jun-2020 16:54:09 UTC] PHP Warning:  readfile(/var/www/src/wp-includes/js/wp-emoji-loader.js): failed to open stream: No such file or directory in /var/www/src/wp-includes/formatting.php on line 5698
[08-Jun-2020 16:54:09 UTC] PHP Warning:  readfile(/var/www/src/wp-includes/js/wp-emoji-loader.js): failed to open stream: No such file or directory in /var/www/src/wp-includes/formatting.php on line 5698
[08-Jun-2020 16:54:10 UTC] PHP Warning:  readfile(/var/www/src/wp-includes/js/wp-emoji-loader.js): failed to open stream: No such file or directory in /var/www/src/wp-includes/formatting.php on line 5698
[08-Jun-2020 16:54:10 UTC] PHP Warning:  readfile(/var/www/src/wp-includes/js/wp-emoji-loader.js): failed to open stream: No such file or directory in /var/www/src/wp-includes/formatting.php on line 5698
[08-Jun-2020 16:54:10 UTC] PHP Warning:  readfile(/var/www/src/wp-includes/js/wp-emoji-loader.js): failed to open stream: No such file or directory in /var/www/src/wp-includes/formatting.php on line 5698
[08-Jun-2020 16:54:10 UTC] PHP Warning:  readfile(/var/www/src/wp-includes/js/wp-emoji-loader.js): failed to open stream: No such file or directory in /var/www/src/wp-includes/formatting.php on line 5698
[08-Jun-2020 16:54:10 UTC] PHP Warning:  readfile(/var/www/src/wp-includes/js/wp-emoji-loader.js): failed to open stream: No such file or directory in /var/www/src/wp-includes/formatting.php on line 5698
[08-Jun-2020 16:54:10 UTC] PHP Warning:  readfile(/var/www/src/wp-includes/js/wp-emoji-loader.js): failed to open stream: No such file or directory in /var/www/src/wp-includes/formatting.php on line 5698
[08-Jun-2020 16:54:10 UTC] PHP Warning:  readfile(/var/www/src/wp-includes/js/wp-emoji-loader.js): failed to open stream: No such file or directory in /var/www/src/wp-includes/formatting.php on line 5698
[08-Jun-2020 16:54:10 UTC] PHP Warning:  readfile(/var/www/src/wp-includes/js/wp-emoji-loader.js): failed to open stream: No such file or directory in /var/www/src/wp-includes/formatting.php on line 5698
[08-Jun-2020 16:54:10 UTC] PHP Warning:  readfile(/var/www/src/wp-includes/js/wp-emoji-loader.js): failed to open stream: No such file or directory in /var/www/src/wp-includes/formatting.php on line 5698
[08-Jun-2020 16:54:10 UTC] PHP Warning:  readfile(/var/www/src/wp-includes/js/wp-emoji-loader.js): failed to open stream: No such file or directory in /var/www/src/wp-includes/formatting.php on line 5698
[08-Jun-2020 16:54:10 UTC] PHP Warning:  readfile(/var/www/src/wp-includes/js/wp-emoji-loader.js): failed to open stream: No such file or directory in /var/www/src/wp-includes/formatting.php on line 5698
[08-Jun-2020 16:54:10 UTC] PHP Warning:  readfile(/var/www/src/wp-includes/js/wp-emoji-loader.js): failed to open stream: No such file or directory in /var/www/src/wp-includes/formatting.php on line 5698
[08-Jun-2020 16:54:10 UTC] PHP Warning:  readfile(/var/www/src/wp-includes/js/wp-emoji-loader.js): failed to open stream: No such file or directory in /var/www/src/wp-includes/formatting.php on line 5698
[08-Jun-2020 16:54:10 UTC] PHP Warning:  readfile(/var/www/src/wp-includes/js/wp-emoji-loader.js): failed to open stream: No such file or directory in /var/www/src/wp-includes/formatting.php on line 5698
[08-Jun-2020 16:54:10 UTC] PHP Warning:  readfile(/var/www/src/wp-includes/js/wp-emoji-loader.js): failed to open stream: No such file or directory in /var/www/src/wp-includes/formatting.php on line 5698
[08-Jun-2020 16:54:10 UTC] PHP Warning:  readfile(/var/www/src/wp-includes/js/wp-emoji-loader.js): failed to open stream: No such file or directory in /var/www/src/wp-includes/formatting.php on line 5698
[08-Jun-2020 16:54:10 UTC] PHP Warning:  readfile(/var/www/src/wp-includes/js/wp-emoji-loader.js): failed to open stream: No such file or directory in /var/www/src/wp-includes/formatting.php on line 5698
[08-Jun-2020 16:54:10 UTC] PHP Warning:  readfile(/var/www/src/wp-includes/js/wp-emoji-loader.js): failed to open stream: No such file or directory in /var/www/src/wp-includes/formatting.php on line 5698
[08-Jun-2020 16:59:45 UTC] PHP Warning:  include(/var/www/src/wp-includes/assets/script-loader-packages.php): failed to open stream: No such file or directory in /var/www/src/wp-includes/script-loader.php on line 238
[08-Jun-2020 16:59:45 UTC] PHP Warning:  include(): Failed opening '/var/www/src/wp-includes/assets/script-loader-packages.php' for inclusion (include_path='.:/usr/local/lib/php') in /var/www/src/wp-includes/script-loader.php on line 238
[08-Jun-2020 16:59:45 UTC] PHP Warning:  Invalid argument supplied for foreach() in /var/www/src/wp-includes/script-loader.php on line 240
[08-Jun-2020 19:45:33 UTC] PHP Warning:  readfile(/var/www/src/wp-includes/js/wp-emoji-loader.js): failed to open stream: No such file or directory in /var/www/src/wp-includes/formatting.php on line 5698
[08-Jun-2020 19:46:34 UTC] PHP Warning:  readfile(/var/www/src/wp-includes/js/wp-emoji-loader.js): failed to open stream: No such file or directory in /var/www/src/wp-includes/formatting.php on line 5698
[20-Oct-2020 14:24:10 UTC] PHP Warning:  mysqli_real_connect(): php_network_getaddresses: gethostbyname failed. errno=0 in /Users/jdesrosiers/Sites/git-wordpress-develop/src/wp-includes/wp-db.php on line 1653
[20-Oct-2020 14:24:10 UTC] PHP Warning:  mysqli_real_connect(): (HY000/2002): php_network_getaddresses: gethostbyname failed. errno=0 in /Users/jdesrosiers/Sites/git-wordpress-develop/src/wp-includes/wp-db.php on line 1653
